 
****************************************
Report : area
Design : GF2k_demo
Version: T-2022.03
Date   : Mon Apr 15 19:56:36 2024
****************************************

Library(s) Used:

    slow (File: /usr/cad/Design_Kit/CBDK_IC_Contest_v2.5/SynopsysDC/db/slow.db)

Number of ports:                           21
Number of nets:                           745
Number of cells:                          727
Number of combinational cells:            727
Number of sequential cells:                 0
Number of macros/black boxes:               0
Number of buf/inv:                        114
Number of references:                      37

Combinational area:               5394.337127
Buf/Inv area:                      387.007194
Noncombinational area:               0.000000
Macro/Black Box area:                0.000000
Net Interconnect area:      undefined  (No wire load specified)

Total cell area:                  5394.337127
Total area:                 undefined
1
