 
****************************************
Report : power
        -analysis_effort low
Design : GF2k_demo
Version: T-2022.03
Date   : Mon Apr 15 19:56:36 2024
****************************************


Library(s) Used:

    slow (File: /usr/cad/Design_Kit/CBDK_IC_Contest_v2.5/SynopsysDC/db/slow.db)


Operating Conditions: slow   Library: slow
Wire Load Model Mode: top


Global Operating Voltage = 1.08 
Power-specific unit information :
    Voltage Units = 1V
    Capacitance Units = 1.000000pf
    Time Units = 1ns
    Dynamic Power Units = 1mW    (derived from V,C,T units)
    Leakage Power Units = 1pW


Attributes
----------
i - Including register clock pin internal power


  Cell Internal Power  = 482.6196 uW   (45%)
  Net Switching Power  = 597.2203 uW   (55%)
                         ---------
Total Dynamic Power    =   1.0798 mW  (100%)

Cell Leakage Power     =   2.8252 uW

Information: report_power power group summary does not include estimated clock tree power. (PWR-789)

                 Internal         Switching           Leakage            Total
Power Group      Power            Power               Power              Power   (   %    )  Attrs
--------------------------------------------------------------------------------------------------
io_pad             0.0000            0.0000            0.0000            0.0000  (   0.00%)
memory             0.0000            0.0000            0.0000            0.0000  (   0.00%)
black_box          0.0000            0.0000            0.0000            0.0000  (   0.00%)
clock_network      0.0000            0.0000            0.0000            0.0000  (   0.00%)  i
register           0.0000            0.0000            0.0000            0.0000  (   0.00%)
sequential         0.0000            0.0000            0.0000            0.0000  (   0.00%)
combinational      0.4826            0.5972        2.8252e+06            1.0827  ( 100.00%)
--------------------------------------------------------------------------------------------------
Total              0.4826 mW         0.5972 mW     2.8252e+06 pW         1.0827 mW
1
