 
****************************************
Report : area
Design : NN
Version: T-2022.03
Date   : Sat Mar  9 14:38:04 2024
****************************************

Library(s) Used:

    slow (File: /usr/cad/Design_Kit/CBDK_IC_Contest_v2.5/SynopsysDC/db/slow.db)

Number of ports:                          167
Number of nets:                         21520
Number of cells:                        19740
Number of combinational cells:          18784
Number of sequential cells:               956
Number of macros/black boxes:               0
Number of buf/inv:                       2463
Number of references:                     181

Combinational area:             183874.249321
Buf/Inv area:                     9917.908059
Noncombinational area:           33190.959072
Macro/Black Box area:                0.000000
Net Interconnect area:      undefined  (No wire load specified)

Total cell area:                217065.208393
Total area:                 undefined
1
