 
****************************************
Report : area
Design : CONV
Version: T-2022.03
Date   : Tue Aug  6 19:51:46 2024
****************************************

Library(s) Used:

    slow (File: /usr/cad/Design_Kit/CBDK_IC_Contest_v2.5/SynopsysDC/db/slow.db)

Number of ports:                          612
Number of nets:                          3925
Number of cells:                         3143
Number of combinational cells:           2994
Number of sequential cells:               134
Number of macros/black boxes:               0
Number of buf/inv:                        739
Number of references:                     162

Combinational area:              42555.515306
Buf/Inv area:                     5445.259198
Noncombinational area:            4628.809669
Macro/Black Box area:                0.000000
Net Interconnect area:          338335.025238

Total cell area:                 47184.324975
Total area:                     385519.350213
1
