Loading db file '/usr/cad/Design_Kit/CBDK_IC_Contest_v2.5/SynopsysDC/db/slow.db'
Information: Propagating switching activity (low effort zero delay simulation). (PWR-6)
Warning: Design has unannotated primary inputs. (PWR-414)
Warning: Design has unannotated sequential cell outputs. (PWR-415)
 
****************************************
Report : power
        -analysis_effort low
Design : CONV
Version: T-2022.03
Date   : Tue Aug  6 19:51:46 2024
****************************************


Library(s) Used:

    slow (File: /usr/cad/Design_Kit/CBDK_IC_Contest_v2.5/SynopsysDC/db/slow.db)


Operating Conditions: slow   Library: slow
Wire Load Model Mode: top

Design        Wire Load Model            Library
------------------------------------------------
CONV                   tsmc13_wl10       slow


Global Operating Voltage = 1.08 
Power-specific unit information :
    Voltage Units = 1V
    Capacitance Units = 1.000000pf
    Time Units = 1ns
    Dynamic Power Units = 1mW    (derived from V,C,T units)
    Leakage Power Units = 1pW


Attributes
----------
i - Including register clock pin internal power


  Cell Internal Power  = 631.3155 uW   (51%)
  Net Switching Power  = 618.6902 uW   (49%)
                         ---------
Total Dynamic Power    =   1.2500 mW  (100%)

Cell Leakage Power     =  46.6670 uW


                 Internal         Switching           Leakage            Total
Power Group      Power            Power               Power              Power   (   %    )  Attrs
--------------------------------------------------------------------------------------------------
io_pad             0.0000            0.0000            0.0000            0.0000  (   0.00%)
memory             0.0000            0.0000            0.0000            0.0000  (   0.00%)
black_box          0.0000            0.0000            0.0000            0.0000  (   0.00%)
clock_network      0.3121            0.0000            0.0000            0.0000  (   0.00%)  i
register       1.4390e-02        2.8195e-02        4.2293e+06            0.3589  (  27.68%)
sequential         0.0000            0.0000            0.0000            0.0000  (   0.00%)
combinational      0.3049            0.5905        4.2438e+07            0.9378  (  72.32%)
--------------------------------------------------------------------------------------------------
Total              0.6313 mW         0.6187 mW     4.6667e+07 pW         1.2967 mW
1
