 
****************************************
Report : area
Design : huffman
Version: T-2022.03
Date   : Sun Jan 28 20:25:21 2024
****************************************

Library(s) Used:

    slow (File: /usr/cad/Design_Kit/CBDK_IC_Contest_v2.5/SynopsysDC/db/slow.db)

Number of ports:                          371
Number of nets:                          3537
Number of cells:                         2965
Number of combinational cells:           2524
Number of sequential cells:               426
Number of macros/black boxes:               0
Number of buf/inv:                        276
Number of references:                     115

Combinational area:              25922.692445
Buf/Inv area:                     1459.763979
Noncombinational area:           15551.578545
Macro/Black Box area:                0.000000
Net Interconnect area:          439602.242188

Total cell area:                 41474.270990
Total area:                     481076.513177
1
