 
****************************************
Report : area
Design : LBP
Version: T-2022.03
Date   : Thu Nov 23 18:48:46 2023
****************************************

Library(s) Used:

    slow (File: /usr/cad/Design_Kit/CBDK_IC_Contest_v2.5/SynopsysDC/db/slow.db)

Number of ports:                           50
Number of nets:                           617
Number of cells:                          541
Number of combinational cells:            393
Number of sequential cells:               148
Number of macros/black boxes:               0
Number of buf/inv:                         68
Number of references:                      58

Combinational area:               3691.845011
Buf/Inv area:                      694.236598
Noncombinational area:            3637.528194
Macro/Black Box area:                0.000000
Net Interconnect area:           69907.016327

Total cell area:                  7329.373206
Total area:                      77236.389533
1
