 
****************************************
check_design summary:
Version:     T-2022.03
Date:        Sat Sep 14 22:49:25 2024
****************************************

                   Name                                            Total
--------------------------------------------------------------------------------
Cells                                                              76
    Cells do not drive (LINT-1)                                    76
--------------------------------------------------------------------------------

Warning: In design 'Convnet_top', cell 'C96503' does not drive any nets. (LINT-1)
Warning: In design 'Convnet_top', cell 'C96511' does not drive any nets. (LINT-1)
Warning: In design 'Convnet_top', cell 'C96519' does not drive any nets. (LINT-1)
Warning: In design 'Convnet_top', cell 'C96525' does not drive any nets. (LINT-1)
Warning: In design 'Convnet_top', cell 'C96533' does not drive any nets. (LINT-1)
Warning: In design 'Convnet_top', cell 'C96544' does not drive any nets. (LINT-1)
Warning: In design 'Convnet_top', cell 'C96554' does not drive any nets. (LINT-1)
Warning: In design 'Convnet_top', cell 'C96634' does not drive any nets. (LINT-1)
Warning: In design 'Convnet_top', cell 'C96643' does not drive any nets. (LINT-1)
Warning: In design 'Convnet_top', cell 'C96650' does not drive any nets. (LINT-1)
Warning: In design 'Convnet_top', cell 'C96680' does not drive any nets. (LINT-1)
Warning: In design 'Convnet_top', cell 'C96686' does not drive any nets. (LINT-1)
Warning: In design 'Convnet_top', cell 'C96690' does not drive any nets. (LINT-1)
Warning: In design 'Convnet_top', cell 'C96725' does not drive any nets. (LINT-1)
Warning: In design 'Convnet_top', cell 'C96732' does not drive any nets. (LINT-1)
Warning: In design 'Convnet_top', cell 'C96739' does not drive any nets. (LINT-1)
Warning: In design 'Convnet_top', cell 'C96746' does not drive any nets. (LINT-1)
Warning: In design 'Convnet_top', cell 'C96774' does not drive any nets. (LINT-1)
Warning: In design 'Convnet_top', cell 'C96780' does not drive any nets. (LINT-1)
Warning: In design 'Convnet_top', cell 'C96784' does not drive any nets. (LINT-1)
Warning: In design 'Convnet_top', cell 'C96789' does not drive any nets. (LINT-1)
Warning: In design 'Convnet_top', cell 'B_295' does not drive any nets. (LINT-1)
Warning: In design 'Convnet_top', cell 'B_296' does not drive any nets. (LINT-1)
Warning: In design 'Convnet_top', cell 'C96826' does not drive any nets. (LINT-1)
Warning: In design 'Convnet_top', cell 'C96832' does not drive any nets. (LINT-1)
Warning: In design 'Convnet_top', cell 'C96840' does not drive any nets. (LINT-1)
Warning: In design 'Convnet_top', cell 'C96918' does not drive any nets. (LINT-1)
Warning: In design 'Convnet_top', cell 'C96925' does not drive any nets. (LINT-1)
Warning: In design 'Convnet_top', cell 'C96935' does not drive any nets. (LINT-1)
Warning: In design 'Convnet_top', cell 'B_303' does not drive any nets. (LINT-1)
Warning: In design 'Convnet_top', cell 'C97009' does not drive any nets. (LINT-1)
Warning: In design 'Convnet_top', cell 'C97010' does not drive any nets. (LINT-1)
Warning: In design 'Convnet_top', cell 'B_305' does not drive any nets. (LINT-1)
Warning: In design 'Convnet_top', cell 'C97024' does not drive any nets. (LINT-1)
Warning: In design 'Convnet_top', cell 'C97025' does not drive any nets. (LINT-1)
Warning: In design 'Convnet_top', cell 'B_307' does not drive any nets. (LINT-1)
Warning: In design 'Convnet_top', cell 'C97039' does not drive any nets. (LINT-1)
Warning: In design 'Convnet_top', cell 'C97040' does not drive any nets. (LINT-1)
Warning: In design 'Convnet_top', cell 'B_309' does not drive any nets. (LINT-1)
Warning: In design 'Convnet_top', cell 'C97053' does not drive any nets. (LINT-1)
Warning: In design 'Convnet_top', cell 'C97054' does not drive any nets. (LINT-1)
Warning: In design 'Convnet_top', cell 'C97074' does not drive any nets. (LINT-1)
Warning: In design 'Convnet_top', cell 'B_312' does not drive any nets. (LINT-1)
Warning: In design 'Convnet_top', cell 'C97079' does not drive any nets. (LINT-1)
Warning: In design 'Convnet_top', cell 'B_314' does not drive any nets. (LINT-1)
Warning: In design 'Convnet_top', cell 'B_316' does not drive any nets. (LINT-1)
Warning: In design 'Convnet_top', cell 'B_317' does not drive any nets. (LINT-1)
Warning: In design 'Convnet_top', cell 'B_318' does not drive any nets. (LINT-1)
Warning: In design 'Convnet_top', cell 'C97179' does not drive any nets. (LINT-1)
Warning: In design 'Convnet_top', cell 'C97180' does not drive any nets. (LINT-1)
Warning: In design 'Convnet_top', cell 'B_320' does not drive any nets. (LINT-1)
Warning: In design 'Convnet_top', cell 'C97193' does not drive any nets. (LINT-1)
Warning: In design 'Convnet_top', cell 'C97194' does not drive any nets. (LINT-1)
Warning: In design 'Convnet_top', cell 'B_322' does not drive any nets. (LINT-1)
Warning: In design 'Convnet_top', cell 'C97207' does not drive any nets. (LINT-1)
Warning: In design 'Convnet_top', cell 'C97208' does not drive any nets. (LINT-1)
Warning: In design 'Convnet_top', cell 'B_324' does not drive any nets. (LINT-1)
Warning: In design 'Convnet_top', cell 'C97221' does not drive any nets. (LINT-1)
Warning: In design 'Convnet_top', cell 'C97222' does not drive any nets. (LINT-1)
Warning: In design 'Convnet_top', cell 'C97245' does not drive any nets. (LINT-1)
Warning: In design 'Convnet_top', cell 'B_327' does not drive any nets. (LINT-1)
Warning: In design 'Convnet_top', cell 'C97250' does not drive any nets. (LINT-1)
Warning: In design 'Convnet_top', cell 'B_328' does not drive any nets. (LINT-1)
Warning: In design 'Convnet_top', cell 'B_329' does not drive any nets. (LINT-1)
Warning: In design 'Convnet_top', cell 'B_330' does not drive any nets. (LINT-1)
Warning: In design 'Convnet_top', cell 'C97271' does not drive any nets. (LINT-1)
Warning: In design 'Convnet_top', cell 'C97285' does not drive any nets. (LINT-1)
Warning: In design 'Convnet_top', cell 'B_332' does not drive any nets. (LINT-1)
Warning: In design 'Convnet_top', cell 'C97297' does not drive any nets. (LINT-1)
Warning: In design 'Convnet_top', cell 'C97311' does not drive any nets. (LINT-1)
Warning: In design 'Convnet_top', cell 'B_334' does not drive any nets. (LINT-1)
Warning: In design 'Convnet_top', cell 'C97323' does not drive any nets. (LINT-1)
Warning: In design 'Convnet_top', cell 'C97337' does not drive any nets. (LINT-1)
Warning: In design 'Convnet_top', cell 'B_336' does not drive any nets. (LINT-1)
Warning: In design 'Convnet_top', cell 'C97348' does not drive any nets. (LINT-1)
Warning: In design 'Convnet_top', cell 'C97362' does not drive any nets. (LINT-1)
1
