 
****************************************
Report : area
Design : GF_IA
Version: T-2022.03
Date   : Fri May  3 10:40:34 2024
****************************************

Library(s) Used:

    slow (File: /usr/cad/Design_Kit/CBDK_IC_Contest_v2.5/SynopsysDC/db/slow.db)

Number of ports:                           23
Number of nets:                          2870
Number of cells:                         2818
Number of combinational cells:           2773
Number of sequential cells:                45
Number of macros/black boxes:               0
Number of buf/inv:                        668
Number of references:                     146

Combinational area:              33002.548086
Buf/Inv area:                     5217.807592
Noncombinational area:            1753.414177
Macro/Black Box area:                0.000000
Net Interconnect area:          275661.374298

Total cell area:                 34755.962263
Total area:                     310417.336561
1
