 
****************************************
Report : area
Design : HD
Version: T-2022.03
Date   : Sat Feb 24 20:04:00 2024
****************************************

Library(s) Used:

    slow (File: /usr/cad/Design_Kit/CBDK_IC_Contest_v2.5/SynopsysDC/db/slow.db)

Number of ports:                           20
Number of nets:                           100
Number of cells:                           81
Number of combinational cells:             81
Number of sequential cells:                 0
Number of macros/black boxes:               0
Number of buf/inv:                          9
Number of references:                      16

Combinational area:               1081.243794
Buf/Inv area:                       45.829798
Noncombinational area:               0.000000
Macro/Black Box area:                0.000000
Net Interconnect area:      undefined  (No wire load specified)

Total cell area:                  1081.243794
Total area:                 undefined
1
