 
****************************************
Report : area
Design : JAM
Version: T-2022.03
Date   : Wed Jan  3 22:22:50 2024
****************************************

Library(s) Used:

    slow (File: /usr/cad/Design_Kit/CBDK_IC_Contest_v2.5/SynopsysDC/db/slow.db)

Number of ports:                           94
Number of nets:                           804
Number of cells:                          694
Number of combinational cells:            628
Number of sequential cells:                62
Number of macros/black boxes:               0
Number of buf/inv:                        127
Number of references:                      72

Combinational area:               5372.271042
Buf/Inv area:                      855.489604
Noncombinational area:            1948.615152
Macro/Black Box area:                0.000000
Net Interconnect area:           94127.136963

Total cell area:                  7320.886195
Total area:                     101448.023158
1
