 
****************************************
Report : timing
        -path full
        -delay max
        -max_paths 1
Design : SME
Version: T-2022.03
Date   : Fri Feb  9 16:54:18 2024
****************************************

Operating Conditions: slow   Library: slow
Wire Load Model Mode: top

  Startpoint: isstring (input port clocked by clk)
  Endpoint: STRING_reg_reg[31][0]
            (rising edge-triggered flip-flop clocked by clk)
  Path Group: clk
  Path Type: max

  Des/Clust/Port     Wire Load Model       Library
  ------------------------------------------------
  SME                tsmc13_wl10           slow

  Point                                    Incr       Path
  -----------------------------------------------------------
  clock clk (fall edge)                   10.00      10.00
  clock network delay (ideal)              0.50      10.50
  input external delay                     0.00      10.50 f
  isstring (in)                            0.00      10.50 f
  U1400/Y (CLKINVX1)                       0.15      10.65 r
  U1399/Y (NAND3BX1)                       0.74      11.39 f
  U1147/Y (CLKBUFX3)                       1.05      12.44 f
  U1062/Y (CLKBUFX3)                       1.06      13.50 f
  U1061/Y (CLKBUFX3)                       0.87      14.37 f
  U1033/Y (CLKBUFX3)                       0.88      15.25 f
  U1130/Y (AND2X2)                         0.75      16.00 f
  U1060/Y (CLKBUFX3)                       0.89      16.89 f
  U1083/Y (OAI21XL)                        0.52      17.41 r
  U1082/Y (CLKBUFX3)                       0.48      17.89 r
  U1035/Y (INVX3)                          0.30      18.19 f
  U1545/Y (OAI222XL)                       0.57      18.76 r
  STRING_reg_reg[31][0]/D (DFFRX1)         0.00      18.76 r
  data arrival time                                  18.76

  clock clk (rise edge)                   20.00      20.00
  clock network delay (ideal)              0.50      20.50
  clock uncertainty                       -0.10      20.40
  STRING_reg_reg[31][0]/CK (DFFRX1)        0.00      20.40 r
  library setup time                      -0.31      20.09
  data required time                                 20.09
  -----------------------------------------------------------
  data required time                                 20.09
  data arrival time                                 -18.76
  -----------------------------------------------------------
  slack (MET)                                         1.33


1
