 
****************************************
Report : area
Design : SET
Version: T-2022.03
Date   : Wed Mar 27 00:50:31 2024
****************************************

Library(s) Used:

    slow (File: /usr/cad/Design_Kit/CBDK_IC_Contest_v2.5/SynopsysDC/db/slow.db)

Number of ports:                           67
Number of nets:                           577
Number of cells:                          469
Number of combinational cells:            409
Number of sequential cells:                59
Number of macros/black boxes:               0
Number of buf/inv:                         63
Number of references:                      68

Combinational area:               3528.894559
Buf/Inv area:                      385.309805
Noncombinational area:            1909.574940
Macro/Black Box area:                0.000000
Net Interconnect area:           61273.639832

Total cell area:                  5438.469499
Total area:                      66712.109331
1
